2022-05-26 00:48:34,324 - =========================================================
2022-05-26 00:48:34,325 - Start new run in C:\Users\DOOMDUKE-980PRO\source\repos-py\MeshGraphnets\my-refactor\output\airfoil\Thu-May-26-00-48-34-2022\1
2022-05-26 00:48:34,325 - =========================================================
2022-05-26 00:48:34,326 - Program started at time Thu May 26 00:48:34 2022
2022-05-26 00:48:34,326 - Start training......
2022-05-26 00:48:35,147 - 
2022-05-26 00:48:35,147 - =======================Run Summary=======================
2022-05-26 00:48:35,147 - Simulation task is cfd simulation
2022-05-26 00:48:35,147 - Mode is all
2022-05-26 00:48:35,147 - Evaluation set is valid
2022-05-26 00:48:35,147 - Train and/or evaluation configuration are 10000000 epochs, 1000 trajectories each epoch, number of rollouts is 10
2022-05-26 00:48:35,147 - Core model is encode_process_decode
2022-05-26 00:48:35,147 - Message passing aggregator is sum
2022-05-26 00:48:35,147 - Message passing steps are 6
2022-05-26 00:48:35,148 - Attention used is False
2022-05-26 00:48:35,148 - Ripple used is False
2022-05-26 00:48:35,148 - Run output directory is C:\Users\DOOMDUKE-980PRO\source\repos-py\MeshGraphnets\my-refactor\output\airfoil\Thu-May-26-00-48-34-2022\1
2022-05-26 00:48:35,148 - =========================================================
2022-05-26 00:48:35,148 - 
2022-05-26 00:50:05,836 - Epoch 1/10000000
